==================================================
SESSION 27: API SECURITY AUDIT LOG
==================================================

1. BOLA (ID SWAP) EXPLOITATION
* Targeted User ID: 102 
* Private Information Leaked: 
{"email":"boss@titan.com","name":"CISO","role":"Admin","secret":"TITAN_MASTER_KEY_2026"} 

2. BUSINESS LOGIC EXPLOITATION (DISCOUNT HUNTER)
* Hidden Discount Code Discovered: 9912 
* Method Used: Using Burp Suite’s Proxy Intercept, I captured the browser’s GET 
request to /api/v1/checkout and sent it to Burp Repeater. I manually converted it 
into a valid POST request by adding the required JSON headers and body. The 
request was then sent to Burp Intruder and configured with a numeric payload 
attack from 9900–9999. During the attack, payload 9912 returned a unique response 
length and revealed a successful 100% discount with a $0.00 total, confirming 
it as the valid code.


3. REMEDIATION RECOMMENDATION
* How would you fix the BOLA vulnerability?
Answer: Implement strict server-side authorization checks on every object 
request. Validate that the authenticated session token maps to the requested 
resource before returning data. Never trust user-supplied IDs without verifying 
ownership. Replace predictable numeric IDs with UUIDs and enforce an access 
control middleware layer that blocks unauthorized object access attempts and logs 
them for monitoring.
 

* How would you fix the Brute-Force vulnerability in the discount field?
Answer: Implement rate limiting and lockout protections on the checkout endpoint 
and monitor repeated failures. Block IPs or sessions exceeding 5 attempts per 60 
seconds. Replace predictable 4-digit discount codes with unpredictable 
non-sequential discount codes. Add server-side validation, session-based 
throttling, and anti-automation measures or challenge tokens when repeated 
sequential attempts are detected.
